-------------------------------------------------------------------------------
Test set: com.app.UsuarioControllerIntegrationTests
-------------------------------------------------------------------------------
Tests run: 4, Failures: 2, Errors: 0, Skipped: 0, Time elapsed: 0.346 s <<< FAILURE! -- in com.app.UsuarioControllerIntegrationTests
com.app.UsuarioControllerIntegrationTests.eliminaUsuarioConSoftDeleteYPermiteRestaurarloPorRegistro -- Time elapsed: 0.077 s <<< FAILURE!
java.lang.AssertionError: Status expected:<404> but was:<500>
	at org.springframework.test.util.AssertionErrors.fail(AssertionErrors.java:62)
	at org.springframework.test.util.AssertionErrors.assertEquals(AssertionErrors.java:129)
	at org.springframework.test.web.servlet.result.StatusResultMatchers.lambda$matcher$0(StatusResultMatchers.java:600)
	at org.springframework.test.web.servlet.MockMvc$1.andExpect(MockMvc.java:212)
	at com.app.UsuarioControllerIntegrationTests.eliminaUsuarioConSoftDeleteYPermiteRestaurarloPorRegistro(UsuarioControllerIntegrationTests.java:77)

com.app.UsuarioControllerIntegrationTests.creaYConsultaUsuarioPorIdYNombre -- Time elapsed: 0.211 s <<< FAILURE!
java.lang.AssertionError: Status expected:<200> but was:<500>
	at org.springframework.test.util.AssertionErrors.fail(AssertionErrors.java:62)
	at org.springframework.test.util.AssertionErrors.assertEquals(AssertionErrors.java:129)
	at org.springframework.test.web.servlet.result.StatusResultMatchers.lambda$matcher$0(StatusResultMatchers.java:600)
	at org.springframework.test.web.servlet.MockMvc$1.andExpect(MockMvc.java:212)
	at com.app.UsuarioControllerIntegrationTests.creaYConsultaUsuarioPorIdYNombre(UsuarioControllerIntegrationTests.java:60)

