<?xml version="1.0" encoding="UTF-8"?>
<testsuite xmlns:xsi="http://www.w3.org/2001/XMLSchema-instance" xsi:noNamespaceSchemaLocation="https://maven.apache.org/surefire/maven-surefire-plugin/xsd/surefire-test-report.xsd" version="3.0.2" name="com.app.ProductoControllerIntegrationTests" time="4.6" tests="4" errors="0" skipped="0" failures="4" flakes="0">
  <properties>
[...]
</properties>
  <testcase name="eliminaProductoConSoftDeleteYPermiteRestaurarloPorNombre" classname="com.app.ProductoControllerIntegrationTests" time="0.354">
    <failure message="Status expected:&lt;204&gt; but was:&lt;403&gt;" type="java.lang.AssertionError"><![CDATA[java.lang.AssertionError: Status expected:<204> but was:<403>
	at org.springframework.test.util.AssertionErrors.fail(AssertionErrors.java:62)
	at org.springframework.test.util.AssertionErrors.assertEquals(AssertionErrors.java:129)
	at org.springframework.test.web.servlet.result.StatusResultMatchers.lambda$matcher$0(StatusResultMatchers.java:600)
	at org.springframework.test.web.servlet.MockMvc$1.andExpect(MockMvc.java:212)
	at com.app.ProductoControllerIntegrationTests.eliminaProductoConSoftDeleteYPermiteRestaurarloPorNombre(ProductoControllerIntegrationTests.java:115)
]]></failure>
    <system-out><![CDATA[22:01:27.417 [main] INFO org.springframework.test.context.support.AnnotationConfigContextLoaderUtils -- Could not detect default configuration classes for test class [com.app.ProductoControllerIntegrationTests]: ProductoControllerIntegrationTests does not declare any static, non-private, non-final, nested classes annotated with @Configuration.
22:01:27.497 [main] INFO org.springframework.boot.test.context.SpringBootTestContextBootstrapper -- Found @SpringBootConfiguration com.app.EcommerceAdminApplication for test class com.app.ProductoControllerIntegrationTests
22:01:27.549 [main] INFO org.springframework.test.context.support.AnnotationConfigContextLoaderUtils -- Could not detect default configuration classes for test class [com.app.ProductoControllerIntegrationTests]: ProductoControllerIntegrationTests does not declare any static, non-private, non-final, nested classes annotated with @Configuration.
22:01:27.552 [main] INFO org.springframework.boot.test.context.SpringBootTestContextBootstrapper -- Found @SpringBootConfiguration com.app.EcommerceAdminApplication for test class com.app.ProductoControllerIntegrationTests

  .   ____          _            __ _ _
 /\\ / ___'_ __ _ _(_)_ __  __ _ \ \ \ \
( ( )\___ | '_ | '_| | '_ \/ _` | \ \ \ \
 \\/  ___)| |_)| | | | | || (_| |  ) ) ) )
  '  |____| .__|_| |_|_| |_\__, | / / / /
 =========|_|==============|___/=/_/_/_/

 :: Spring Boot ::                (v4.0.5)

2026-04-25T22:01:27.776-05:00  INFO 8563 --- [ecommerce-admin] [           main] c.a.ProductoControllerIntegrationTests   : Starting ProductoControllerIntegrationTests using Java 21.0.10 with PID 8563 (started by juanito in /home/juanito/Desktop/Projects/ACM/ecommerce-admin)
2026-04-25T22:01:27.778-05:00  INFO 8563 --- [ecommerce-admin] [           main] c.a.ProductoControllerIntegrationTests   : The following 1 profile is active: "manual"
2026-04-25T22:01:28.305-05:00  INFO 8563 --- [ecommerce-admin] [           main] .s.d.r.c.RepositoryConfigurationDelegate : Bootstrapping Spring Data JPA repositories in DEFAULT mode.
2026-04-25T22:01:28.348-05:00  INFO 8563 --- [ecommerce-admin] [           main] .s.d.r.c.RepositoryConfigurationDelegate : Finished Spring Data repository scanning in 36 ms. Found 3 JPA repository interfaces.
2026-04-25T22:01:28.762-05:00  INFO 8563 --- [ecommerce-admin] [           main] org.hibernate.orm.jpa                    : HHH008540: Processing PersistenceUnitInfo [name: default]
2026-04-25T22:01:28.798-05:00  INFO 8563 --- [ecommerce-admin] [           main] org.hibernate.orm.core                   : HHH000001: Hibernate ORM core version 7.2.7.Final
2026-04-25T22:01:29.104-05:00  INFO 8563 --- [ecommerce-admin] [           main] o.s.o.j.p.SpringPersistenceUnitInfo      : No LoadTimeWeaver setup: ignoring JPA class transformer
2026-04-25T22:01:29.141-05:00  INFO 8563 --- [ecommerce-admin] [           main] com.zaxxer.hikari.HikariDataSource       : HikariPool-1 - Starting...
2026-04-25T22:01:29.236-05:00  INFO 8563 --- [ecommerce-admin] [           main] com.zaxxer.hikari.pool.HikariPool        : HikariPool-1 - Added connection conn0: url=jdbc:h2:mem:acmtaller user=SA
2026-04-25T22:01:29.237-05:00  INFO 8563 --- [ecommerce-admin] [           main] com.zaxxer.hikari.HikariDataSource       : HikariPool-1 - Start completed.
2026-04-25T22:01:29.249-05:00  WARN 8563 --- [ecommerce-admin] [           main] org.hibernate.orm.deprecation            : HHH90000025: H2Dialect does not need to be specified explicitly using 'hibernate.dialect' (remove the property setting and it will be selected by default)
2026-04-25T22:01:29.262-05:00  INFO 8563 --- [ecommerce-admin] [           main] org.hibernate.orm.connections.pooling    : HHH10001005: Database info:
	Database JDBC URL [jdbc:h2:mem:acmtaller]
	Database driver: H2 JDBC Driver
	Database dialect: H2Dialect
	Database version: 2.4.240
	Default catalog/schema: ACMTALLER/PUBLIC
	Autocommit mode: undefined/unknown
	Isolation level: READ_COMMITTED [default READ_COMMITTED]
	JDBC fetch size: 100
	Pool: DataSourceConnectionProvider
	Minimum pool size: undefined/unknown
	Maximum pool size: undefined/unknown
2026-04-25T22:01:29.796-05:00  INFO 8563 --- [ecommerce-admin] [           main] org.hibernate.orm.core                   : HHH000489: No JTA platform available (set 'hibernate.transaction.jta.platform' to enable JTA platform integration)
2026-04-25T22:01:29.835-05:00  INFO 8563 --- [ecommerce-admin] [           main] j.LocalContainerEntityManagerFactoryBean : Initialized JPA EntityManagerFactory for persistence unit 'default'
2026-04-25T22:01:29.890-05:00  INFO 8563 --- [ecommerce-admin] [           main] o.s.d.j.r.query.QueryEnhancerFactories   : Hibernate is in classpath; If applicable, HQL parser will be used.
2026-04-25T22:01:30.525-05:00  WARN 8563 --- [ecommerce-admin] [           main] JpaBaseConfiguration$JpaWebConfiguration : spring.jpa.open-in-view is enabled by default. Therefore, database queries may be performed during view rendering. Explicitly configure spring.jpa.open-in-view to disable this warning
2026-04-25T22:01:30.640-05:00  INFO 8563 --- [ecommerce-admin] [           main] eAuthenticationProviderManagerConfigurer : Global AuthenticationManager configured with AuthenticationProvider bean with name authenticationProvider
2026-04-25T22:01:30.640-05:00  WARN 8563 --- [ecommerce-admin] [           main] r$InitializeUserDetailsManagerConfigurer : Global AuthenticationManager configured with an AuthenticationProvider bean. UserDetailsService beans will not be used by Spring Security for automatically configuring username/password login. Consider removing the AuthenticationProvider bean. Alternatively, consider using the UserDetailsService in a manually instantiated DaoAuthenticationProvider. If the current configuration is intentional, to turn off this warning, increase the logging level of 'org.springframework.security.config.annotation.authentication.configuration.InitializeUserDetailsBeanManagerConfigurer' to ERROR
2026-04-25T22:01:31.119-05:00  INFO 8563 --- [ecommerce-admin] [           main] o.s.b.h.a.H2ConsoleAutoConfiguration     : H2 console available at '/h2-console'. Database available at 'jdbc:h2:mem:acmtaller'
2026-04-25T22:01:31.222-05:00  INFO 8563 --- [ecommerce-admin] [           main] o.s.b.t.m.w.SpringBootMockServletContext : Initializing Spring TestDispatcherServlet ''
2026-04-25T22:01:31.222-05:00  INFO 8563 --- [ecommerce-admin] [           main] o.s.t.web.servlet.TestDispatcherServlet  : Initializing Servlet ''
2026-04-25T22:01:31.224-05:00  INFO 8563 --- [ecommerce-admin] [           main] o.s.t.web.servlet.TestDispatcherServlet  : Completed initialization in 2 ms
2026-04-25T22:01:31.249-05:00  INFO 8563 --- [ecommerce-admin] [           main] c.a.ProductoControllerIntegrationTests   : Started ProductoControllerIntegrationTests in 3.647 seconds (process running for 4.475)
2026-04-25T22:01:31.436-05:00  WARN 8563 --- [ecommerce-admin] [           main] o.s.core.events.SpringDocAppInitializer  : SpringDoc /v3/api-docs endpoint is enabled by default. To disable it in production, set the property 'springdoc.api-docs.enabled=false'
2026-04-25T22:01:31.436-05:00  WARN 8563 --- [ecommerce-admin] [           main] o.s.core.events.SpringDocAppInitializer  : SpringDoc /swagger-ui.html endpoint is enabled by default. To disable it in production, set the property 'springdoc.swagger-ui.enabled=false'

MockHttpServletRequest:
      HTTP Method = DELETE
      Request URI = /api/public/productos/1
       Parameters = {}
          Headers = []
             Body = null
    Session Attrs = {}

Handler:
             Type = com.app.producto.controller.ProductoController
           Method = com.app.producto.controller.ProductoController#eliminarProducto(Long)

Async:
    Async started = false
     Async result = null

Resolved Exception:
             Type = org.springframework.security.authorization.AuthorizationDeniedException

ModelAndView:
        View name = null
             View = null
            Model = null

FlashMap:
       Attributes = null

MockHttpServletResponse:
           Status = 403
    Error message = null
          Headers = [Content-Type:"text/plain;charset=UTF-8", Content-Length:"15", X-Content-Type-Options:"nosniff", X-XSS-Protection:"0", Cache-Control:"no-cache, no-store, max-age=0, must-revalidate", Pragma:"no-cache", Expires:"0"]
     Content type = text/plain;charset=UTF-8
             Body = Acceso denegado
    Forwarded URL = null
   Redirected URL = null
          Cookies = []
]]></system-out>
    <system-err><![CDATA[Mockito is currently self-attaching to enable the inline-mock-maker. This will no longer work in future releases of the JDK. Please add Mockito as an agent to your build as described in Mockito's documentation: https://javadoc.io/doc/org.mockito/mockito-core/latest/org.mockito/org/mockito/Mockito.html#0.3
WARNING: A Java agent has been loaded dynamically (/home/juanito/.m2/repository/net/bytebuddy/byte-buddy-agent/1.17.8/byte-buddy-agent-1.17.8.jar)
WARNING: If a serviceability tool is in use, please run with -XX:+EnableDynamicAgentLoading to hide this warning
WARNING: If a serviceability tool is not in use, please run with -Djdk.instrument.traceUsage for more information
WARNING: Dynamic loading of agents will be disallowed by default in a future release
]]></system-err>
  </testcase>
  <testcase name="rechazaCreacionConNombreDuplicadoActivo" classname="com.app.ProductoControllerIntegrationTests" time="0.067">
    <failure message="Status expected:&lt;409&gt; but was:&lt;403&gt;" type="java.lang.AssertionError"><![CDATA[java.lang.AssertionError: Status expected:<409> but was:<403>
	at org.springframework.test.util.AssertionErrors.fail(AssertionErrors.java:62)
	at org.springframework.test.util.AssertionErrors.assertEquals(AssertionErrors.java:129)
	at org.springframework.test.web.servlet.result.StatusResultMatchers.lambda$matcher$0(StatusResultMatchers.java:600)
	at org.springframework.test.web.servlet.MockMvc$1.andExpect(MockMvc.java:212)
	at com.app.ProductoControllerIntegrationTests.rechazaCreacionConNombreDuplicadoActivo(ProductoControllerIntegrationTests.java:86)
]]></failure>
    <system-out><![CDATA[
MockHttpServletRequest:
      HTTP Method = POST
      Request URI = /api/public/productos
       Parameters = {}
          Headers = [Content-Type:"application/json;charset=UTF-8", Content-Length:"60"]
             Body = {
  "nombre": "Mouse gamer",
  "price": 150,
  "stock": 3
}

    Session Attrs = {}

Handler:
             Type = com.app.producto.controller.ProductoController
           Method = com.app.producto.controller.ProductoController#crearProducto(CrearProductoDTO)

Async:
    Async started = false
     Async result = null

Resolved Exception:
             Type = org.springframework.security.authorization.AuthorizationDeniedException

ModelAndView:
        View name = null
             View = null
            Model = null

FlashMap:
       Attributes = null

MockHttpServletResponse:
           Status = 403
    Error message = null
          Headers = [Content-Type:"text/plain;charset=UTF-8", Content-Length:"15", X-Content-Type-Options:"nosniff", X-XSS-Protection:"0", Cache-Control:"no-cache, no-store, max-age=0, must-revalidate", Pragma:"no-cache", Expires:"0"]
     Content type = text/plain;charset=UTF-8
             Body = Acceso denegado
    Forwarded URL = null
   Redirected URL = null
          Cookies = []
]]></system-out>
  </testcase>
  <testcase name="editaProductoExistente" classname="com.app.ProductoControllerIntegrationTests" time="0.015">
    <failure message="Status expected:&lt;200&gt; but was:&lt;403&gt;" type="java.lang.AssertionError"><![CDATA[java.lang.AssertionError: Status expected:<200> but was:<403>
	at org.springframework.test.util.AssertionErrors.fail(AssertionErrors.java:62)
	at org.springframework.test.util.AssertionErrors.assertEquals(AssertionErrors.java:129)
	at org.springframework.test.web.servlet.result.StatusResultMatchers.lambda$matcher$0(StatusResultMatchers.java:600)
	at org.springframework.test.web.servlet.MockMvc$1.andExpect(MockMvc.java:212)
	at com.app.ProductoControllerIntegrationTests.editaProductoExistente(ProductoControllerIntegrationTests.java:99)
]]></failure>
    <system-out><![CDATA[
MockHttpServletRequest:
      HTTP Method = PUT
      Request URI = /api/public/productos/3
       Parameters = {}
          Headers = [Content-Type:"application/json;charset=UTF-8", Content-Length:"60"]
             Body = {
  "nombre": "Monitor 27",
  "price": 1100,
  "stock": 6
}

    Session Attrs = {}

Handler:
             Type = com.app.producto.controller.ProductoController
           Method = com.app.producto.controller.ProductoController#modificarInformacionProducto(Long, ActualizarProductoDTO)

Async:
    Async started = false
     Async result = null

Resolved Exception:
             Type = org.springframework.security.authorization.AuthorizationDeniedException

ModelAndView:
        View name = null
             View = null
            Model = null

FlashMap:
       Attributes = null

MockHttpServletResponse:
           Status = 403
    Error message = null
          Headers = [Content-Type:"text/plain;charset=UTF-8", Content-Length:"15", X-Content-Type-Options:"nosniff", X-XSS-Protection:"0", Cache-Control:"no-cache, no-store, max-age=0, must-revalidate", Pragma:"no-cache", Expires:"0"]
     Content type = text/plain;charset=UTF-8
             Body = Acceso denegado
    Forwarded URL = null
   Redirected URL = null
          Cookies = []
]]></system-out>
  </testcase>
  <testcase name="creaYBuscaProductoPorIdYNombre" classname="com.app.ProductoControllerIntegrationTests" time="0.008">
    <failure message="Status expected:&lt;201&gt; but was:&lt;403&gt;" type="java.lang.AssertionError"><![CDATA[java.lang.AssertionError: Status expected:<201> but was:<403>
	at org.springframework.test.util.AssertionErrors.fail(AssertionErrors.java:62)
	at org.springframework.test.util.AssertionErrors.assertEquals(AssertionErrors.java:129)
	at org.springframework.test.web.servlet.result.StatusResultMatchers.lambda$matcher$0(StatusResultMatchers.java:600)
	at org.springframework.test.web.servlet.MockMvc$1.andExpect(MockMvc.java:212)
	at com.app.ProductoControllerIntegrationTests.creaYBuscaProductoPorIdYNombre(ProductoControllerIntegrationTests.java:57)
]]></failure>
    <system-out><![CDATA[
MockHttpServletRequest:
      HTTP Method = POST
      Request URI = /api/public/productos
       Parameters = {}
          Headers = [Content-Type:"application/json;charset=UTF-8", Content-Length:"65"]
             Body = {
  "nombre": "Teclado mecanico",
  "price": 250,
  "stock": 8
}

    Session Attrs = {}

Handler:
             Type = com.app.producto.controller.ProductoController
           Method = com.app.producto.controller.ProductoController#crearProducto(CrearProductoDTO)

Async:
    Async started = false
     Async result = null

Resolved Exception:
             Type = org.springframework.security.authorization.AuthorizationDeniedException

ModelAndView:
        View name = null
             View = null
            Model = null

FlashMap:
       Attributes = null

MockHttpServletResponse:
           Status = 403
    Error message = null
          Headers = [Content-Type:"text/plain;charset=UTF-8", Content-Length:"15", X-Content-Type-Options:"nosniff", X-XSS-Protection:"0", Cache-Control:"no-cache, no-store, max-age=0, must-revalidate", Pragma:"no-cache", Expires:"0"]
     Content type = text/plain;charset=UTF-8
             Body = Acceso denegado
    Forwarded URL = null
   Redirected URL = null
          Cookies = []
]]></system-out>
  </testcase>
</testsuite>